Using pre-set license
Built from '2020.3/release' branch; Version is '2020.3.2f1 (8fd9074bf66c) revision 9427207'; Using compiler version '192528614'; Build Type 'Release'
OS: 'Windows 10 Home; OS build 19042.867; Version 2009; 64bit' Language: 'en' Physical Memory: 32699 MB
BatchMode: 1, IsHumanControllingUs: 0, StartBugReporterOnCrash: 0, Is64bit: 1, IsPro: 0

 COMMAND LINE ARGUMENTS:
C:\Program Files\Unity\Hub\Editor\2020.3.2f1\Editor\Unity.exe
-adb2
-batchMode
-noUpm
-name
AssetImportWorker0
-projectPath
C:/Users/jleig/Desktop/Unity Projects/Bullet-Hell-Jam/Bullet Hell Jam
-logFile
Logs/AssetImportWorker0.log
-srvPort
51295
Successfully changed project path to: C:/Users/jleig/Desktop/Unity Projects/Bullet-Hell-Jam/Bullet Hell Jam
C:/Users/jleig/Desktop/Unity Projects/Bullet-Hell-Jam/Bullet Hell Jam
Using Asset Import Pipeline V2.
Refreshing native plugins compatible for Editor in 27.65 ms, found 1 plugins.
Preloading 0 native plugins for Editor in 0.00 ms.
Initialize engine version: 2020.3.2f1 (8fd9074bf66c)
[Subsystems] Discovering subsystems at path C:/Program Files/Unity/Hub/Editor/2020.3.2f1/Editor/Data/Resources/UnitySubsystems
[Subsystems] Discovering subsystems at path C:/Users/jleig/Desktop/Unity Projects/Bullet-Hell-Jam/Bullet Hell Jam/Assets
GfxDevice: creating device client; threaded=0
Direct3D:
    Version:  Direct3D 11.0 [level 11.1]
    Renderer: NVIDIA GeForce RTX 2070 SUPER (ID=0x1e84)
    Vendor:   
    VRAM:     8011 MB
    Driver:   27.21.14.5671
Initialize mono
Mono path[0] = 'C:/Program Files/Unity/Hub/Editor/2020.3.2f1/Editor/Data/Managed'
Mono path[1] = 'C:/Program Files/Unity/Hub/Editor/2020.3.2f1/Editor/Data/MonoBleedingEdge/lib/mono/unityjit'
Mono config path = 'C:/Program Files/Unity/Hub/Editor/2020.3.2f1/Editor/Data/MonoBleedingEdge/etc'
Using monoOptions --debugger-agent=transport=dt_socket,embedding=1,server=y,suspend=n,address=127.0.0.1:56820
Begin MonoManager ReloadAssembly
Registering precompiled unity dll's ...
Register platform support module: C:/Program Files/Unity/Hub/Editor/2020.3.2f1/Editor/Data/PlaybackEngines/WebGLSupport/UnityEditor.WebGL.Extensions.dll
Register platform support module: C:/Program Files/Unity/Hub/Editor/2020.3.2f1/Editor/Data/PlaybackEngines/WindowsStandaloneSupport/UnityEditor.WindowsStandalone.Extensions.dll
Registered in 0.001918 seconds.
Native extension for WindowsStandalone target not found
Native extension for WebGL target not found
Refreshing native plugins compatible for Editor in 28.29 ms, found 1 plugins.
Preloading 0 native plugins for Editor in 0.00 ms.
Invoked RoslynAnalysisRunner static constructor.
RoslynAnalysisRunner will not be running.
RoslynAnalysisRunner has terminated.
Mono: successfully reloaded assembly
- Completed reload, in  1.042 seconds
Platform modules already initialized, skipping
Registering precompiled user dll's ...
Registered in 0.000886 seconds.
Begin MonoManager ReloadAssembly
Native extension for WindowsStandalone target not found
Native extension for WebGL target not found
Refreshing native plugins compatible for Editor in 28.31 ms, found 1 plugins.
Preloading 0 native plugins for Editor in 0.00 ms.
Invoked RoslynAnalysisRunner static constructor.
RoslynAnalysisRunner will not be running.
RoslynAnalysisRunner has terminated.
Mono: successfully reloaded assembly
- Completed reload, in  0.809 seconds
Platform modules already initialized, skipping
========================================================================
Worker process is ready to serve import requests
Launched and connected shader compiler UnityShaderCompiler.exe after 0.03 seconds
Refreshing native plugins compatible for Editor in 0.31 ms, found 1 plugins.
Preloading 0 native plugins for Editor in 0.00 ms.
Unloading 1808 Unused Serialized files (Serialized files now loaded: 0)
System memory in use before: 84.9 MB.
System memory in use after: 84.8 MB.

Unloading 24 unused Assets to reduce memory usage. Loaded Objects now: 2250.
Total: 1.817100 ms (FindLiveObjects: 0.168600 ms CreateObjectMapping: 0.067000 ms MarkObjects: 1.484700 ms  DeleteObjects: 0.095900 ms)

========================================================================
Received Import Request.
  path: Assets
  artifactKey: Guid(00000000000000001000000000000000) Importer(815301076,1909f56bfc062723c751e8b465ee728b)
Start importing Assets using Guid(00000000000000001000000000000000) Importer(815301076,1909f56bfc062723c751e8b465ee728b)  -> (artifact id: '819a33a9bd799f71faca6db75e8a216c') in 0.006692 seconds
  Import took 0.008869 seconds .

========================================================================
Received Import Request.
  Time since last request: 1.688607 seconds.
  path: Assets
  artifactKey: Guid(00000000000000001000000000000000) Importer(815301076,1909f56bfc062723c751e8b465ee728b)
Start importing Assets using Guid(00000000000000001000000000000000) Importer(815301076,1909f56bfc062723c751e8b465ee728b)  -> (artifact id: '819a33a9bd799f71faca6db75e8a216c') in 0.004686 seconds
  Import took 0.007237 seconds .

========================================================================
Received Import Request.
  Time since last request: 4.769125 seconds.
  path: Assets/Scripts
  artifactKey: Guid(7c12390130d68a446957f5d6fedaf57d) Importer(815301076,1909f56bfc062723c751e8b465ee728b)
Start importing Assets/Scripts using Guid(7c12390130d68a446957f5d6fedaf57d) Importer(815301076,1909f56bfc062723c751e8b465ee728b)  -> (artifact id: '6c6b1c04977d6f7b98c10251924a7865') in 0.005215 seconds
  Import took 0.007625 seconds .

========================================================================
Received Import Request.
  Time since last request: 6.358265 seconds.
  path: Assets/Prefabs
  artifactKey: Guid(be1935ce25285054f83431a6647afa43) Importer(815301076,1909f56bfc062723c751e8b465ee728b)
Start importing Assets/Prefabs using Guid(be1935ce25285054f83431a6647afa43) Importer(815301076,1909f56bfc062723c751e8b465ee728b)  -> (artifact id: '5297c97920b570f3e97dd3ab35683195') in 0.005226 seconds
  Import took 0.007694 seconds .

========================================================================
Received Import Request.
  Time since last request: 491.563879 seconds.
  path: Assets/Scripts/Utility
  artifactKey: Guid(b4f759d6c1b96af4394dc0762dd5e8c0) Importer(815301076,1909f56bfc062723c751e8b465ee728b)
Start importing Assets/Scripts/Utility using Guid(b4f759d6c1b96af4394dc0762dd5e8c0) Importer(815301076,1909f56bfc062723c751e8b465ee728b)  -> (artifact id: '9cf1e81819ad6aa6eeb77b93605ae9f9') in 0.004778 seconds
  Import took 0.007665 seconds .

========================================================================
Received Import Request.
  Time since last request: 12.183297 seconds.
  path: Assets/Scripts/Utility/Singleton.cs
  artifactKey: Guid(0ee9d3519babdbf4ca41d0c1a81845e8) Importer(815301076,1909f56bfc062723c751e8b465ee728b)
Start importing Assets/Scripts/Utility/Singleton.cs using Guid(0ee9d3519babdbf4ca41d0c1a81845e8) Importer(815301076,1909f56bfc062723c751e8b465ee728b)  -> (artifact id: 'bea8d531b1e4aa60dfdc329266eb0081') in 0.017580 seconds
  Import took 0.019933 seconds .

========================================================================
Received Import Request.
  Time since last request: 0.079878 seconds.
  path: Assets/Scripts/Utility/Singleton.cs
  artifactKey: Guid(0ee9d3519babdbf4ca41d0c1a81845e8) Importer(815301076,1909f56bfc062723c751e8b465ee728b)
Start importing Assets/Scripts/Utility/Singleton.cs using Guid(0ee9d3519babdbf4ca41d0c1a81845e8) Importer(815301076,1909f56bfc062723c751e8b465ee728b)  -> (artifact id: 'bea8d531b1e4aa60dfdc329266eb0081') in 0.004797 seconds
  Import took 0.007339 seconds .

========================================================================
Received Prepare
Registering precompiled user dll's ...
Registered in 0.000897 seconds.
Begin MonoManager ReloadAssembly
Native extension for WindowsStandalone target not found
Native extension for WebGL target not found
Refreshing native plugins compatible for Editor in 0.31 ms, found 1 plugins.
Preloading 0 native plugins for Editor in 0.00 ms.
Invoked RoslynAnalysisRunner static constructor.
RoslynAnalysisRunner will not be running.
RoslynAnalysisRunner has terminated.
Mono: successfully reloaded assembly
- Completed reload, in  0.744 seconds
Platform modules already initialized, skipping
Refreshing native plugins compatible for Editor in 0.29 ms, found 1 plugins.
Preloading 0 native plugins for Editor in 0.00 ms.
Unloading 1804 Unused Serialized files (Serialized files now loaded: 0)
System memory in use before: 84.8 MB.
System memory in use after: 84.8 MB.

Unloading 12 unused Assets to reduce memory usage. Loaded Objects now: 2255.
Total: 1.683200 ms (FindLiveObjects: 0.167200 ms CreateObjectMapping: 0.059800 ms MarkObjects: 1.366600 ms  DeleteObjects: 0.088300 ms)

========================================================================
Received Prepare
Registering precompiled user dll's ...
Registered in 0.000872 seconds.
Begin MonoManager ReloadAssembly
Native extension for WindowsStandalone target not found
Native extension for WebGL target not found
Refreshing native plugins compatible for Editor in 0.34 ms, found 1 plugins.
Preloading 0 native plugins for Editor in 0.00 ms.
Invoked RoslynAnalysisRunner static constructor.
RoslynAnalysisRunner will not be running.
RoslynAnalysisRunner has terminated.
Mono: successfully reloaded assembly
- Completed reload, in  0.752 seconds
Platform modules already initialized, skipping
Refreshing native plugins compatible for Editor in 0.29 ms, found 1 plugins.
Preloading 0 native plugins for Editor in 0.00 ms.
Unloading 1804 Unused Serialized files (Serialized files now loaded: 0)
System memory in use before: 84.9 MB.
System memory in use after: 84.8 MB.

Unloading 12 unused Assets to reduce memory usage. Loaded Objects now: 2259.
Total: 1.620100 ms (FindLiveObjects: 0.171700 ms CreateObjectMapping: 0.062200 ms MarkObjects: 1.297700 ms  DeleteObjects: 0.087600 ms)

========================================================================
Received Import Request.
  Time since last request: 1376.101837 seconds.
  path: Assets/Scripts/Utility/Singleton.cs
  artifactKey: Guid(0ee9d3519babdbf4ca41d0c1a81845e8) Importer(815301076,1909f56bfc062723c751e8b465ee728b)
Start importing Assets/Scripts/Utility/Singleton.cs using Guid(0ee9d3519babdbf4ca41d0c1a81845e8) Importer(815301076,1909f56bfc062723c751e8b465ee728b)  -> (artifact id: 'ca7606104ecf28854dda9ef7c96564be') in 0.005865 seconds
  Import took 0.008117 seconds .

========================================================================
Received Import Request.
  Time since last request: 22.984299 seconds.
  path: Assets/Scripts/Bullet.cs
  artifactKey: Guid(e577d3b34a0249647a756c644e73fcfe) Importer(815301076,1909f56bfc062723c751e8b465ee728b)
Start importing Assets/Scripts/Bullet.cs using Guid(e577d3b34a0249647a756c644e73fcfe) Importer(815301076,1909f56bfc062723c751e8b465ee728b)  -> (artifact id: '9d282bd35f114ace8a82cbea6e5ac6b2') in 0.005171 seconds
  Import took 0.007813 seconds .

========================================================================
Received Prepare
Registering precompiled user dll's ...
Registered in 0.001093 seconds.
Begin MonoManager ReloadAssembly
Native extension for WindowsStandalone target not found
Native extension for WebGL target not found
Refreshing native plugins compatible for Editor in 0.30 ms, found 1 plugins.
Preloading 0 native plugins for Editor in 0.00 ms.
Invoked RoslynAnalysisRunner static constructor.
RoslynAnalysisRunner will not be running.
RoslynAnalysisRunner has terminated.
Mono: successfully reloaded assembly
- Completed reload, in  0.761 seconds
Platform modules already initialized, skipping
Refreshing native plugins compatible for Editor in 0.49 ms, found 1 plugins.
Preloading 0 native plugins for Editor in 0.00 ms.
Unloading 1805 Unused Serialized files (Serialized files now loaded: 0)
System memory in use before: 84.9 MB.
System memory in use after: 84.9 MB.

Unloading 12 unused Assets to reduce memory usage. Loaded Objects now: 2264.
Total: 2.739100 ms (FindLiveObjects: 0.332100 ms CreateObjectMapping: 0.096000 ms MarkObjects: 2.163100 ms  DeleteObjects: 0.145200 ms)

========================================================================
Received Prepare
Registering precompiled user dll's ...
Registered in 0.000934 seconds.
Begin MonoManager ReloadAssembly
Native extension for WindowsStandalone target not found
Native extension for WebGL target not found
Refreshing native plugins compatible for Editor in 0.34 ms, found 1 plugins.
Preloading 0 native plugins for Editor in 0.00 ms.
Invoked RoslynAnalysisRunner static constructor.
RoslynAnalysisRunner will not be running.
RoslynAnalysisRunner has terminated.
Mono: successfully reloaded assembly
- Completed reload, in  0.734 seconds
Platform modules already initialized, skipping
Refreshing native plugins compatible for Editor in 0.29 ms, found 1 plugins.
Preloading 0 native plugins for Editor in 0.00 ms.
Unloading 1805 Unused Serialized files (Serialized files now loaded: 0)
System memory in use before: 84.9 MB.
System memory in use after: 84.9 MB.

Unloading 12 unused Assets to reduce memory usage. Loaded Objects now: 2268.
Total: 1.765400 ms (FindLiveObjects: 0.160400 ms CreateObjectMapping: 0.054800 ms MarkObjects: 1.457300 ms  DeleteObjects: 0.092100 ms)

========================================================================
Received Import Request.
  Time since last request: 1103.679284 seconds.
  path: Assets/Scripts/Bullet.cs
  artifactKey: Guid(e577d3b34a0249647a756c644e73fcfe) Importer(815301076,1909f56bfc062723c751e8b465ee728b)
Start importing Assets/Scripts/Bullet.cs using Guid(e577d3b34a0249647a756c644e73fcfe) Importer(815301076,1909f56bfc062723c751e8b465ee728b)  -> (artifact id: '8b0eacffdfec8aef81797a235b3fd928') in 0.005853 seconds
  Import took 0.008207 seconds .

AssetImportWorkerClient::OnTransportError - code=2 error=End of file
